==5797== Memcheck, a memory error detector
==5797== Copyright (C) 2002-2010, and GNU GPL'd, by Julian Seward et al.
==5797== Using Valgrind-3.6.0 and LibVEX; rerun with -h for copyright info
==5797== Command: ./a
==5797== Parent PID: 5648
==5797== 
==5797== Conditional jump or move depends on uninitialised value(s)
==5797==    at 0x4020C2: CreateFriendList (user.c:428)
==5797==    by 0x4016C8: AddUser (user.c:80)
==5797==    by 0x401E0F: LoadList (user.c:323)
==5797==    by 0x400D84: main (test_user.c:40)
==5797== 
==5797== 
==5797== HEAP SUMMARY:
==5797==     in use at exit: 752 bytes in 2 blocks
==5797==   total heap usage: 3 allocs, 1 frees, 1,320 bytes allocated
==5797== 
==5797== LEAK SUMMARY:
==5797==    definitely lost: 376 bytes in 1 blocks
==5797==    indirectly lost: 0 bytes in 0 blocks
==5797==      possibly lost: 0 bytes in 0 blocks
==5797==    still reachable: 376 bytes in 1 blocks
==5797==         suppressed: 0 bytes in 0 blocks
==5797== Rerun with --leak-check=full to see details of leaked memory
==5797== 
==5797== For counts of detected and suppressed errors, rerun with: -v
==5797== Use --track-origins=yes to see where uninitialised values come from
==5797== ERROR SUMMARY: 1 errors from 1 contexts (suppressed: 6 from 6)
